#
# There is insufficient memory for the Java Runtime Environment to continue.
# Native memory allocation (mmap) failed to map 65536 bytes for Failed to commit metaspace.
# Possible reasons:
#   The system is out of physical RAM or swap space
#   The process is running with CompressedOops enabled, and the Java Heap may be blocking the growth of the native heap
# Possible solutions:
#   Reduce memory load on the system
#   Increase physical memory or swap space
#   Check if swap backing store is full
#   Decrease Java heap size (-Xmx/-Xms)
#   Decrease number of Java threads
#   Decrease Java thread stack sizes (-Xss)
#   Set larger code cache with -XX:ReservedCodeCacheSize=
#   JVM is running with Unscaled Compressed Oops mode in which the Java heap is
#     placed in the first 4GB address space. The Java Heap base address is the
#     maximum limit for the native heap growth. Please use -XX:HeapBaseMinAddress
#     to set the Java Heap base and to place the Java Heap above 4GB virtual address.
# This output file may be truncated or incomplete.
#
#  Out of Memory Error (virtualSpaceNode.cpp:110), pid=14516, tid=11516
#
# JRE version: OpenJDK Runtime Environment Temurin-17.0.4.1+1 (17.0.4.1+1) (build 17.0.4.1+1)
# Java VM: OpenJDK 64-Bit Server VM Temurin-17.0.4.1+1 (17.0.4.1+1, mixed mode, emulated-client, tiered, compressed oops, compressed class ptrs, g1 gc, windows-amd64)
# No core dump will be written. Minidumps are not enabled by default on client versions of Windows
#

---------------  S U M M A R Y ------------

Command Line: -Dcom.sun.management.jmxremote -Dcom.sun.management.jmxremote.port=59618 -Dcom.sun.management.jmxremote.authenticate=false -Dcom.sun.management.jmxremote.ssl=false -Djava.rmi.server.hostname=localhost -Dspring.jmx.enabled=true -Dspring.application.admin.enabled=true -XX:TieredStopAtLevel=1 -Dspring.boot.project.name=spring-boot-security-jwt -Dfile.encoding=UTF-8 -XX:+ShowCodeDetailsInExceptionMessages com.bezkoder.springjwt.SpringBootSecurityJwtApplication --spring.output.ansi.enabled=always

Host: Intel(R) Core(TM) i5-4210U CPU @ 1.70GHz, 4 cores, 3G,  Windows 10 , 64 bit Build 19041 (10.0.19041.2913)
Time: Tue May 16 16:06:24 2023 India Standard Time elapsed time: 5.527261 seconds (0d 0h 0m 5s)

---------------  T H R E A D  ---------------

Current thread (0x0000028c1c2ed660):  JavaThread "main" [_thread_in_vm, id=11516, stack(0x000000d3ca800000,0x000000d3ca900000)]

Stack: [0x000000d3ca800000,0x000000d3ca900000]
Native frames: (J=compiled Java code, j=interpreted, Vv=VM code, C=native code)
V  [jvm.dll+0x67731a]
V  [jvm.dll+0x832284]
V  [jvm.dll+0x833a2e]
V  [jvm.dll+0x834093]
V  [jvm.dll+0x245775]
V  [jvm.dll+0x82e22b]
V  [jvm.dll+0x61bdf6]
V  [jvm.dll+0x1c07be]
V  [jvm.dll+0x61e741]
V  [jvm.dll+0x61c796]
V  [jvm.dll+0x239e0f]
V  [jvm.dll+0x6265a5]
V  [jvm.dll+0x1ea5db]
V  [jvm.dll+0x1eab15]
V  [jvm.dll+0x1eb54f]
V  [jvm.dll+0x1e09f1]
V  [jvm.dll+0x53c910]
V  [jvm.dll+0x7ad138]
V  [jvm.dll+0x7ad224]
V  [jvm.dll+0x40ccd5]
V  [jvm.dll+0x412ec8]
C  [java.dll+0x17ec]

Java frames: (J=compiled Java code, j=interpreted, Vv=VM code)
J 1289  java.lang.ClassLoader.defineClass1(Ljava/lang/ClassLoader;Ljava/lang/String;[BIILjava/security/ProtectionDomain;Ljava/lang/String;)Ljava/lang/Class; java.base@17.0.4.1 (0 bytes) @ 0x0000028c21532edb [0x0000028c21532e20+0x00000000000000bb]
J 1320 c1 java.lang.ClassLoader.defineClass(Ljava/lang/String;[BIILjava/security/ProtectionDomain;)Ljava/lang/Class; java.base@17.0.4.1 (43 bytes) @ 0x0000028c21540fdc [0x0000028c21540ee0+0x00000000000000fc]
J 1324 c1 jdk.internal.loader.BuiltinClassLoader.defineClass(Ljava/lang/String;Ljdk/internal/loader/Resource;)Ljava/lang/Class; java.base@17.0.4.1 (121 bytes) @ 0x0000028c215436c4 [0x0000028c21543220+0x00000000000004a4]
J 1313 c1 jdk.internal.loader.BuiltinClassLoader.findClassOnClassPathOrNull(Ljava/lang/String;)Ljava/lang/Class; java.base@17.0.4.1 (64 bytes) @ 0x0000028c2153eb1c [0x0000028c2153e880+0x000000000000029c]
J 1081 c1 jdk.internal.loader.BuiltinClassLoader.loadClassOrNull(Ljava/lang/String;Z)Ljava/lang/Class; java.base@17.0.4.1 (143 bytes) @ 0x0000028c214d5ac4 [0x0000028c214d5680+0x0000000000000444]
J 1236 c1 jdk.internal.loader.ClassLoaders$AppClassLoader.loadClass(Ljava/lang/String;Z)Ljava/lang/Class; java.base@17.0.4.1 (40 bytes) @ 0x0000028c2151ab24 [0x0000028c2151a9e0+0x0000000000000144]
J 1233 c1 java.lang.ClassLoader.loadClass(Ljava/lang/String;)Ljava/lang/Class; java.base@17.0.4.1 (7 bytes) @ 0x0000028c21519f64 [0x0000028c21519f20+0x0000000000000044]
v  ~StubRoutines::call_stub
j  org.apache.catalina.core.StandardContext.startInternal()V+134
j  org.apache.catalina.util.LifecycleBase.start()V+210
j  org.apache.catalina.core.ContainerBase$StartChild.call()Ljava/lang/Void;+4
j  org.apache.catalina.core.ContainerBase$StartChild.call()Ljava/lang/Object;+1
j  java.util.concurrent.FutureTask.run()V+39 java.base@17.0.4.1
j  org.apache.tomcat.util.threads.InlineExecutorService.execute(Ljava/lang/Runnable;)V+38
j  java.util.concurrent.AbstractExecutorService.submit(Ljava/util/concurrent/Callable;)Ljava/util/concurrent/Future;+20 java.base@17.0.4.1
j  org.apache.catalina.core.ContainerBase.startInternal()V+106
j  org.apache.catalina.core.StandardHost.startInternal()V+175
j  org.apache.catalina.util.LifecycleBase.start()V+210
j  org.apache.catalina.core.ContainerBase$StartChild.call()Ljava/lang/Void;+4
j  org.apache.catalina.core.ContainerBase$StartChild.call()Ljava/lang/Object;+1
j  java.util.concurrent.FutureTask.run()V+39 java.base@17.0.4.1
j  org.apache.tomcat.util.threads.InlineExecutorService.execute(Ljava/lang/Runnable;)V+38
j  java.util.concurrent.AbstractExecutorService.submit(Ljava/util/concurrent/Callable;)Ljava/util/concurrent/Future;+20 java.base@17.0.4.1
j  org.apache.catalina.core.ContainerBase.startInternal()V+106
j  org.apache.catalina.core.StandardEngine.startInternal()V+38
j  org.apache.catalina.util.LifecycleBase.start()V+210
j  org.apache.catalina.core.StandardService.startInternal()V+63
j  org.apache.catalina.util.LifecycleBase.start()V+210
j  org.apache.catalina.core.StandardServer.startInternal()V+53
j  org.apache.catalina.util.LifecycleBase.start()V+210
j  org.apache.catalina.startup.Tomcat.start()V+9
j  org.springframework.boot.web.embedded.tomcat.TomcatWebServer.initialize()V+64
j  org.springframework.boot.web.embedded.tomcat.TomcatWebServer.<init>(Lorg/apache/catalina/startup/Tomcat;ZLorg/springframework/boot/web/server/Shutdown;)V+66
j  org.springframework.boot.web.embedded.tomcat.TomcatServletWebServerFactory.getTomcatWebServer(Lorg/apache/catalina/startup/Tomcat;)Lorg/springframework/boot/web/embedded/tomcat/TomcatWebServer;+21
j  org.springframework.boot.web.embedded.tomcat.TomcatServletWebServerFactory.getWebServer([Lorg/springframework/boot/web/servlet/ServletContextInitializer;)Lorg/springframework/boot/web/server/WebServer;+212
j  org.springframework.boot.web.servlet.context.ServletWebServerApplicationContext.createWebServer()V+67
j  org.springframework.boot.web.servlet.context.ServletWebServerApplicationContext.onRefresh()V+5
j  org.springframework.context.support.AbstractApplicationContext.refresh()V+77
j  org.springframework.boot.web.servlet.context.ServletWebServerApplicationContext.refresh()V+1
j  org.springframework.boot.SpringApplication.refresh(Lorg/springframework/context/ConfigurableApplicationContext;)V+1
j  org.springframework.boot.SpringApplication.refreshContext(Lorg/springframework/context/ConfigurableApplicationContext;)V+16
j  org.springframework.boot.SpringApplication.run([Ljava/lang/String;)Lorg/springframework/context/ConfigurableApplicationContext;+107
j  org.springframework.boot.SpringApplication.run([Ljava/lang/Class;[Ljava/lang/String;)Lorg/springframework/context/ConfigurableApplicationContext;+9
j  org.springframework.boot.SpringApplication.run(Ljava/lang/Class;[Ljava/lang/String;)Lorg/springframework/context/ConfigurableApplicationContext;+9
j  com.bezkoder.springjwt.SpringBootSecurityJwtApplication.main([Ljava/lang/String;)V+3
v  ~StubRoutines::call_stub

---------------  P R O C E S S  ---------------

Threads class SMR info:
_java_thread_list=0x0000028c2bd65950, length=19, elements={
0x0000028c1c2ed660, 0x0000028c29168690, 0x0000028c2916c4d0, 0x0000028c2918fa70,
0x0000028c29190330, 0x0000028c29190bf0, 0x0000028c291914b0, 0x0000028c291ac400,
0x0000028c291fd7a0, 0x0000028c1c3d6c40, 0x0000028c29d29420, 0x0000028c29d846f0,
0x0000028c2a458300, 0x0000028c29ffcd60, 0x0000028c29ffd680, 0x0000028c2a5a3d70,
0x0000028c2a5a4240, 0x0000028c2a5e1f40, 0x0000028c2a5d0d80
}

Java Threads: ( => current thread )
=>0x0000028c1c2ed660 JavaThread "main" [_thread_in_vm, id=11516, stack(0x000000d3ca800000,0x000000d3ca900000)]
  0x0000028c29168690 JavaThread "Reference Handler" daemon [_thread_blocked, id=5908, stack(0x000000d3caf00000,0x000000d3cb000000)]
  0x0000028c2916c4d0 JavaThread "Finalizer" daemon [_thread_blocked, id=10760, stack(0x000000d3cb000000,0x000000d3cb100000)]
  0x0000028c2918fa70 JavaThread "Signal Dispatcher" daemon [_thread_blocked, id=3652, stack(0x000000d3cb100000,0x000000d3cb200000)]
  0x0000028c29190330 JavaThread "Attach Listener" daemon [_thread_blocked, id=11048, stack(0x000000d3cb200000,0x000000d3cb300000)]
  0x0000028c29190bf0 JavaThread "Service Thread" daemon [_thread_blocked, id=3996, stack(0x000000d3cb300000,0x000000d3cb400000)]
  0x0000028c291914b0 JavaThread "Monitor Deflation Thread" daemon [_thread_blocked, id=4040, stack(0x000000d3cb400000,0x000000d3cb500000)]
  0x0000028c291ac400 JavaThread "C1 CompilerThread0" daemon [_thread_blocked, id=11060, stack(0x000000d3cb500000,0x000000d3cb600000)]
  0x0000028c291fd7a0 JavaThread "Sweeper thread" daemon [_thread_blocked, id=12332, stack(0x000000d3cb600000,0x000000d3cb700000)]
  0x0000028c1c3d6c40 JavaThread "Common-Cleaner" daemon [_thread_blocked, id=14912, stack(0x000000d3cb700000,0x000000d3cb800000)]
  0x0000028c29d29420 JavaThread "C1 CompilerThread1" daemon [_thread_blocked, id=8664, stack(0x000000d3cb800000,0x000000d3cb900000)]
  0x0000028c29d846f0 JavaThread "Notification Thread" daemon [_thread_blocked, id=5420, stack(0x000000d3cb900000,0x000000d3cba00000)]
  0x0000028c2a458300 JavaThread "RMI TCP Accept-0" daemon [_thread_in_native, id=8384, stack(0x000000d3cba00000,0x000000d3cbb00000)]
  0x0000028c29ffcd60 JavaThread "RMI TCP Accept-59618" daemon [_thread_in_native, id=4776, stack(0x000000d3cbe00000,0x000000d3cbf00000)]
  0x0000028c29ffd680 JavaThread "RMI TCP Accept-0" daemon [_thread_in_native, id=10572, stack(0x000000d3cbf00000,0x000000d3cc000000)]
  0x0000028c2a5a3d70 JavaThread "RMI TCP Connection(1)-127.0.0.1" daemon [_thread_in_native, id=6048, stack(0x000000d3cc100000,0x000000d3cc200000)]
  0x0000028c2a5a4240 JavaThread "RMI Scheduler(0)" daemon [_thread_blocked, id=6216, stack(0x000000d3cc200000,0x000000d3cc300000)]
  0x0000028c2a5e1f40 JavaThread "RMI TCP Connection(2)-127.0.0.1" daemon [_thread_in_native, id=7476, stack(0x000000d3cc300000,0x000000d3cc400000)]
  0x0000028c2a5d0d80 JavaThread "JMX server connection timeout 21" daemon [_thread_blocked, id=10960, stack(0x000000d3cc400000,0x000000d3cc500000)]

Other Threads:
  0x0000028c1c3fe880 VMThread "VM Thread" [stack: 0x000000d3cae00000,0x000000d3caf00000] [id=2548]
  0x0000028c2a459040 WatcherThread [stack: 0x000000d3cc000000,0x000000d3cc100000] [id=10688]
  0x0000028c1c36f810 GCTaskThread "GC Thread#0" [stack: 0x000000d3ca900000,0x000000d3caa00000] [id=1384]
  0x0000028c2a458b80 GCTaskThread "GC Thread#1" [stack: 0x000000d3cbb00000,0x000000d3cbc00000] [id=14700]
  0x0000028c2a5600a0 GCTaskThread "GC Thread#2" [stack: 0x000000d3cbc00000,0x000000d3cbd00000] [id=6888]
  0x0000028c2a560350 GCTaskThread "GC Thread#3" [stack: 0x000000d3cbd00000,0x000000d3cbe00000] [id=10904]
  0x0000028c1c378320 ConcurrentGCThread "G1 Main Marker" [stack: 0x000000d3caa00000,0x000000d3cab00000] [id=7124]
  0x0000028c1c379520 ConcurrentGCThread "G1 Conc#0" [stack: 0x000000d3cab00000,0x000000d3cac00000] [id=8356]
  0x0000028c1c3c4840 ConcurrentGCThread "G1 Refine#0" [stack: 0x000000d3cac00000,0x000000d3cad00000] [id=6828]
  0x0000028c1c3c5a50 ConcurrentGCThread "G1 Service" [stack: 0x000000d3cad00000,0x000000d3cae00000] [id=1464]

Threads with active compile tasks:

VM state: not at safepoint (normal execution)

VM Mutex/Monitor currently owned by a thread:  ([mutex/lock_event])
[0x0000028c1c32e430] Metaspace_lock - owner thread: 0x0000028c1c2ed660

Heap address: 0x00000000c1a00000, size: 998 MB, Compressed Oops mode: 32-bit

CDS archive(s) not mapped
Compressed class space mapped at: 0x0000000100000000-0x0000000140000000, reserved size: 1073741824
Narrow klass base: 0x0000000000000000, Narrow klass shift: 3, Narrow klass range: 0x140000000

GC Precious Log:
 CPUs: 4 total, 4 available
 Memory: 3988M
 Large Page Support: Disabled
 NUMA Support: Disabled
 Compressed Oops: Enabled (32-bit)
 Heap Region Size: 1M
 Heap Min Capacity: 8M
 Heap Initial Capacity: 64M
 Heap Max Capacity: 998M
 Pre-touch: Disabled
 Parallel Workers: 4
 Concurrent Workers: 1
 Concurrent Refinement Workers: 4
 Periodic GC: Disabled

Heap:
 garbage-first heap   total 54272K, used 24975K [0x00000000c1a00000, 0x0000000100000000)
  region size 1024K, 10 young (10240K), 4 survivors (4096K)
 Metaspace       used 40177K, committed 40512K, reserved 1089536K
  class space    used 5280K, committed 5440K, reserved 1048576K

Heap Regions: E=young(eden), S=young(survivor), O=old, HS=humongous(starts), HC=humongous(continues), CS=collection set, F=free, OA=open archive, CA=closed archive, TAMS=top-at-mark-start (previous, next)
|   0|0x00000000c1a00000, 0x00000000c1b00000, 0x00000000c1b00000|100%|HS|  |TAMS 0x00000000c1b00000, 0x00000000c1a00000| Complete 
|   1|0x00000000c1b00000, 0x00000000c1c00000, 0x00000000c1c00000|100%| O|  |TAMS 0x00000000c1c00000, 0x00000000c1b00000| Untracked 
|   2|0x00000000c1c00000, 0x00000000c1d00000, 0x00000000c1d00000|100%| O|  |TAMS 0x00000000c1d00000, 0x00000000c1c00000| Untracked 
|   3|0x00000000c1d00000, 0x00000000c1e00000, 0x00000000c1e00000|100%| O|  |TAMS 0x00000000c1e00000, 0x00000000c1d00000| Untracked 
|   4|0x00000000c1e00000, 0x00000000c1f00000, 0x00000000c1f00000|100%| O|  |TAMS 0x00000000c1f00000, 0x00000000c1e00000| Untracked 
|   5|0x00000000c1f00000, 0x00000000c2000000, 0x00000000c2000000|100%| O|  |TAMS 0x00000000c2000000, 0x00000000c1f00000| Untracked 
|   6|0x00000000c2000000, 0x00000000c2100000, 0x00000000c2100000|100%| O|  |TAMS 0x00000000c2100000, 0x00000000c2000000| Untracked 
|   7|0x00000000c2100000, 0x00000000c2200000, 0x00000000c2200000|100%| O|  |TAMS 0x00000000c2200000, 0x00000000c2100000| Untracked 
|   8|0x00000000c2200000, 0x00000000c2300000, 0x00000000c2300000|100%| O|  |TAMS 0x00000000c2300000, 0x00000000c2200000| Untracked 
|   9|0x00000000c2300000, 0x00000000c239da00, 0x00000000c2400000| 61%| O|  |TAMS 0x00000000c239da00, 0x00000000c2300000| Untracked 
|  10|0x00000000c2400000, 0x00000000c2500000, 0x00000000c2500000|100%| O|  |TAMS 0x00000000c2500000, 0x00000000c2400000| Untracked 
|  11|0x00000000c2500000, 0x00000000c2600000, 0x00000000c2600000|100%| O|  |TAMS 0x00000000c2600000, 0x00000000c2500000| Untracked 
|  12|0x00000000c2600000, 0x00000000c2700000, 0x00000000c2700000|100%| O|  |TAMS 0x00000000c26e9000, 0x00000000c2600000| Untracked 
|  13|0x00000000c2700000, 0x00000000c2800000, 0x00000000c2800000|100%| O|  |TAMS 0x00000000c2700000, 0x00000000c2700000| Untracked 
|  14|0x00000000c2800000, 0x00000000c2900000, 0x00000000c2900000|100%| O|  |TAMS 0x00000000c2800000, 0x00000000c2800000| Untracked 
|  15|0x00000000c2900000, 0x00000000c2a00000, 0x00000000c2a00000|100%| O|  |TAMS 0x00000000c2900000, 0x00000000c2900000| Untracked 
|  16|0x00000000c2a00000, 0x00000000c2a3fa00, 0x00000000c2b00000| 24%| O|  |TAMS 0x00000000c2a00000, 0x00000000c2a00000| Untracked 
|  17|0x00000000c2b00000, 0x00000000c2b00000, 0x00000000c2c00000|  0%| F|  |TAMS 0x00000000c2b00000, 0x00000000c2b00000| Untracked 
|  18|0x00000000c2c00000, 0x00000000c2c00000, 0x00000000c2d00000|  0%| F|  |TAMS 0x00000000c2c00000, 0x00000000c2c00000| Untracked 
|  19|0x00000000c2d00000, 0x00000000c2d00000, 0x00000000c2e00000|  0%| F|  |TAMS 0x00000000c2d00000, 0x00000000c2d00000| Untracked 
|  20|0x00000000c2e00000, 0x00000000c2e00000, 0x00000000c2f00000|  0%| F|  |TAMS 0x00000000c2e00000, 0x00000000c2e00000| Untracked 
|  21|0x00000000c2f00000, 0x00000000c2f00000, 0x00000000c3000000|  0%| F|  |TAMS 0x00000000c2f00000, 0x00000000c2f00000| Untracked 
|  22|0x00000000c3000000, 0x00000000c3000000, 0x00000000c3100000|  0%| F|  |TAMS 0x00000000c3000000, 0x00000000c3000000| Untracked 
|  23|0x00000000c3100000, 0x00000000c3186b80, 0x00000000c3200000| 52%| S|CS|TAMS 0x00000000c3100000, 0x00000000c3100000| Complete 
|  24|0x00000000c3200000, 0x00000000c3300000, 0x00000000c3300000|100%| S|CS|TAMS 0x00000000c3200000, 0x00000000c3200000| Complete 
|  25|0x00000000c3300000, 0x00000000c3400000, 0x00000000c3400000|100%| S|CS|TAMS 0x00000000c3300000, 0x00000000c3300000| Complete 
|  26|0x00000000c3400000, 0x00000000c3500000, 0x00000000c3500000|100%| S|CS|TAMS 0x00000000c3400000, 0x00000000c3400000| Complete 
|  27|0x00000000c3500000, 0x00000000c3500000, 0x00000000c3600000|  0%| F|  |TAMS 0x00000000c3500000, 0x00000000c3500000| Untracked 
|  28|0x00000000c3600000, 0x00000000c3600000, 0x00000000c3700000|  0%| F|  |TAMS 0x00000000c3600000, 0x00000000c3600000| Untracked 
|  29|0x00000000c3700000, 0x00000000c3700000, 0x00000000c3800000|  0%| F|  |TAMS 0x00000000c3700000, 0x00000000c3700000| Untracked 
|  30|0x00000000c3800000, 0x00000000c3800000, 0x00000000c3900000|  0%| F|  |TAMS 0x00000000c3800000, 0x00000000c3800000| Untracked 
|  31|0x00000000c3900000, 0x00000000c3900000, 0x00000000c3a00000|  0%| F|  |TAMS 0x00000000c3900000, 0x00000000c3900000| Untracked 
|  32|0x00000000c3a00000, 0x00000000c3a00000, 0x00000000c3b00000|  0%| F|  |TAMS 0x00000000c3a00000, 0x00000000c3a00000| Untracked 
|  33|0x00000000c3b00000, 0x00000000c3b00000, 0x00000000c3c00000|  0%| F|  |TAMS 0x00000000c3b00000, 0x00000000c3b00000| Untracked 
|  34|0x00000000c3c00000, 0x00000000c3c00000, 0x00000000c3d00000|  0%| F|  |TAMS 0x00000000c3c00000, 0x00000000c3c00000| Untracked 
|  35|0x00000000c3d00000, 0x00000000c3d00000, 0x00000000c3e00000|  0%| F|  |TAMS 0x00000000c3d00000, 0x00000000c3d00000| Untracked 
|  36|0x00000000c3e00000, 0x00000000c3e00000, 0x00000000c3f00000|  0%| F|  |TAMS 0x00000000c3e00000, 0x00000000c3e00000| Untracked 
|  37|0x00000000c3f00000, 0x00000000c3f00000, 0x00000000c4000000|  0%| F|  |TAMS 0x00000000c3f00000, 0x00000000c3f00000| Untracked 
|  38|0x00000000c4000000, 0x00000000c4000000, 0x00000000c4100000|  0%| F|  |TAMS 0x00000000c4000000, 0x00000000c4000000| Untracked 
|  39|0x00000000c4100000, 0x00000000c4100000, 0x00000000c4200000|  0%| F|  |TAMS 0x00000000c4100000, 0x00000000c4100000| Untracked 
|  40|0x00000000c4200000, 0x00000000c4200000, 0x00000000c4300000|  0%| F|  |TAMS 0x00000000c4200000, 0x00000000c4200000| Untracked 
|  41|0x00000000c4300000, 0x00000000c4300000, 0x00000000c4400000|  0%| F|  |TAMS 0x00000000c4300000, 0x00000000c4300000| Untracked 
|  42|0x00000000c4400000, 0x00000000c4400000, 0x00000000c4500000|  0%| F|  |TAMS 0x00000000c4400000, 0x00000000c4400000| Untracked 
|  43|0x00000000c4500000, 0x00000000c4500000, 0x00000000c4600000|  0%| F|  |TAMS 0x00000000c4500000, 0x00000000c4500000| Untracked 
|  44|0x00000000c4600000, 0x00000000c4600000, 0x00000000c4700000|  0%| F|  |TAMS 0x00000000c4600000, 0x00000000c4600000| Untracked 
|  45|0x00000000c4700000, 0x00000000c4700000, 0x00000000c4800000|  0%| F|  |TAMS 0x00000000c4700000, 0x00000000c4700000| Untracked 
|  46|0x00000000c4800000, 0x00000000c4800000, 0x00000000c4900000|  0%| F|  |TAMS 0x00000000c4800000, 0x00000000c4800000| Untracked 
|  47|0x00000000c4900000, 0x00000000c4963ba0, 0x00000000c4a00000| 38%| E|  |TAMS 0x00000000c4900000, 0x00000000c4900000| Complete 
|  48|0x00000000c4a00000, 0x00000000c4b00000, 0x00000000c4b00000|100%| E|CS|TAMS 0x00000000c4a00000, 0x00000000c4a00000| Complete 
|  49|0x00000000c4b00000, 0x00000000c4c00000, 0x00000000c4c00000|100%| E|CS|TAMS 0x00000000c4b00000, 0x00000000c4b00000| Complete 
|  56|0x00000000c5200000, 0x00000000c5300000, 0x00000000c5300000|100%| E|CS|TAMS 0x00000000c5200000, 0x00000000c5200000| Complete 
|  57|0x00000000c5300000, 0x00000000c5400000, 0x00000000c5400000|100%| E|CS|TAMS 0x00000000c5300000, 0x00000000c5300000| Complete 
|  63|0x00000000c5900000, 0x00000000c5a00000, 0x00000000c5a00000|100%| E|CS|TAMS 0x00000000c5900000, 0x00000000c5900000| Complete 

Card table byte_map: [0x0000028c24860000,0x0000028c24a60000] _byte_map_base: 0x0000028c24253000

Marking Bits (Prev, Next): (CMBitMap*) 0x0000028c1c36fd30, (CMBitMap*) 0x0000028c1c36fd70
 Prev Bits: [0x0000028c24c60000, 0x0000028c25bf8000)
 Next Bits: [0x0000028c25c00000, 0x0000028c26b98000)

Polling page: 0x0000028c1c400000

Metaspace:

Usage:
  Non-class:     34.08 MB used.
      Class:      5.16 MB used.
       Both:     39.24 MB used.

Virtual space:
  Non-class space:       40.00 MB reserved,      34.25 MB ( 86%) committed,  5 nodes.
      Class space:        1.00 GB reserved,       5.31 MB ( <1%) committed,  1 nodes.
             Both:        1.04 GB reserved,      39.56 MB (  4%) committed. 

Chunk freelists:
   Non-Class:  1.48 MB
       Class:  2.58 MB
        Both:  4.06 MB

MaxMetaspaceSize: unlimited
CompressedClassSpaceSize: 1.00 GB
Initial GC threshold: 21.00 MB
Current GC threshold: 59.06 MB
CDS: off
MetaspaceReclaimPolicy: balanced
 - commit_granule_bytes: 65536.
 - commit_granule_words: 8192.
 - virtual_space_node_default_size: 1048576.
 - enlarge_chunks_in_place: 1.
 - new_chunks_are_fully_committed: 0.
 - uncommit_free_chunks: 1.
 - use_allocation_guard: 0.
 - handle_deallocations: 1.


Internal statistics:

num_allocs_failed_limit: 8.
num_arena_births: 436.
num_arena_deaths: 0.
num_vsnodes_births: 6.
num_vsnodes_deaths: 0.
num_space_committed: 633.
num_space_uncommitted: 0.
num_chunks_returned_to_freelist: 8.
num_chunks_taken_from_freelist: 1559.
num_chunk_merges: 8.
num_chunk_splits: 1059.
num_chunks_enlarged: 773.
num_purges: 0.
num_inconsistent_stats: 0.

CodeCache: size=49152Kb used=7595Kb max_used=7595Kb free=41556Kb
 bounds [0x0000028c211c0000, 0x0000028c21930000, 0x0000028c241c0000]
 total_blobs=4229 nmethods=3732 adapters=423
 compilation: enabled
              stopped_count=0, restarted_count=0
 full_count=0

Compilation events (20 events):
Event: 5.425 Thread 0x0000028c291ac400 nmethod 3723 0x0000028c21924790 code [0x0000028c21924960, 0x0000028c21924b38]
Event: 5.426 Thread 0x0000028c29d29420 nmethod 3720 0x0000028c21924c90 code [0x0000028c219252e0, 0x0000028c21926df8]
Event: 5.428 Thread 0x0000028c291ac400 3724       1       java.io.File::getName (42 bytes)
Event: 5.428 Thread 0x0000028c291ac400 nmethod 3724 0x0000028c21927f10 code [0x0000028c219280e0, 0x0000028c219282f8]
Event: 5.441 Thread 0x0000028c29d29420 3725       1       java.util.BitSet::expandTo (23 bytes)
Event: 5.441 Thread 0x0000028c291ac400 3726       1       java.util.BitSet::set (58 bytes)
Event: 5.441 Thread 0x0000028c29d29420 nmethod 3725 0x0000028c21928510 code [0x0000028c219286a0, 0x0000028c219287a8]
Event: 5.442 Thread 0x0000028c291ac400 nmethod 3726 0x0000028c21928810 code [0x0000028c21928a20, 0x0000028c21928eb8]
Event: 5.462 Thread 0x0000028c29d29420 3728       1       org.springframework.boot.web.server.MimeMappings$Mapping::getMimeType (5 bytes)
Event: 5.462 Thread 0x0000028c291ac400 3727       1       org.springframework.boot.web.server.MimeMappings$Mapping::getExtension (5 bytes)
Event: 5.462 Thread 0x0000028c291ac400 nmethod 3727 0x0000028c21929110 code [0x0000028c219292a0, 0x0000028c21929378]
Event: 5.462 Thread 0x0000028c29d29420 nmethod 3728 0x0000028c21929410 code [0x0000028c219295a0, 0x0000028c21929678]
Event: 5.491 Thread 0x0000028c29d29420 3729       1       java.lang.StackTraceElement::<init> (10 bytes)
Event: 5.491 Thread 0x0000028c291ac400 3730  s!   1       java.lang.StackTraceElement::computeFormat (71 bytes)
Event: 5.491 Thread 0x0000028c29d29420 nmethod 3729 0x0000028c21929a10 code [0x0000028c21929ba0, 0x0000028c21929c78]
Event: 5.491 Thread 0x0000028c29d29420 3731       1       java.lang.StackTraceElement::isHashedInJavaBase (31 bytes)
Event: 5.492 Thread 0x0000028c29d29420 nmethod 3731 0x0000028c21929d10 code [0x0000028c21929ec0, 0x0000028c2192a078]
Event: 5.492 Thread 0x0000028c29d29420 3732       1       java.lang.Module::getLayer (43 bytes)
Event: 5.492 Thread 0x0000028c291ac400 nmethod 3730 0x0000028c2192a190 code [0x0000028c2192a340, 0x0000028c2192a6b8]
Event: 5.492 Thread 0x0000028c29d29420 nmethod 3732 0x0000028c2192a890 code [0x0000028c2192aa40, 0x0000028c2192abe8]

GC Heap History (20 events):
Event: 0.984 GC heap before
{Heap before GC invocations=0 (full 0):
 garbage-first heap   total 65536K, used 14336K [0x00000000c1a00000, 0x0000000100000000)
  region size 1024K, 13 young (13312K), 0 survivors (0K)
 Metaspace       used 11335K, committed 11520K, reserved 1064960K
  class space    used 1137K, committed 1280K, reserved 1048576K
}
Event: 0.994 GC heap after
{Heap after GC invocations=1 (full 0):
 garbage-first heap   total 65536K, used 8052K [0x00000000c1a00000, 0x0000000100000000)
  region size 1024K, 2 young (2048K), 2 survivors (2048K)
 Metaspace       used 11335K, committed 11520K, reserved 1064960K
  class space    used 1137K, committed 1280K, reserved 1048576K
}
Event: 1.364 GC heap before
{Heap before GC invocations=1 (full 0):
 garbage-first heap   total 65536K, used 18292K [0x00000000c1a00000, 0x0000000100000000)
  region size 1024K, 12 young (12288K), 2 survivors (2048K)
 Metaspace       used 15373K, committed 15552K, reserved 1064960K
  class space    used 1630K, committed 1728K, reserved 1048576K
}
Event: 1.372 GC heap after
{Heap after GC invocations=2 (full 0):
 garbage-first heap   total 65536K, used 9926K [0x00000000c1a00000, 0x0000000100000000)
  region size 1024K, 2 young (2048K), 2 survivors (2048K)
 Metaspace       used 15373K, committed 15552K, reserved 1064960K
  class space    used 1630K, committed 1728K, reserved 1048576K
}
Event: 2.085 GC heap before
{Heap before GC invocations=2 (full 0):
 garbage-first heap   total 65536K, used 28358K [0x00000000c1a00000, 0x0000000100000000)
  region size 1024K, 20 young (20480K), 2 survivors (2048K)
 Metaspace       used 19759K, committed 20096K, reserved 1073152K
  class space    used 2285K, committed 2432K, reserved 1048576K
}
Event: 2.093 GC heap after
{Heap after GC invocations=3 (full 0):
 garbage-first heap   total 65536K, used 11362K [0x00000000c1a00000, 0x0000000100000000)
  region size 1024K, 2 young (2048K), 2 survivors (2048K)
 Metaspace       used 19759K, committed 20096K, reserved 1073152K
  class space    used 2285K, committed 2432K, reserved 1048576K
}
Event: 2.193 GC heap before
{Heap before GC invocations=3 (full 0):
 garbage-first heap   total 65536K, used 16482K [0x00000000c1a00000, 0x0000000100000000)
  region size 1024K, 8 young (8192K), 2 survivors (2048K)
 Metaspace       used 21229K, committed 21504K, reserved 1073152K
  class space    used 2462K, committed 2624K, reserved 1048576K
}
Event: 2.196 GC heap after
{Heap after GC invocations=4 (full 0):
 garbage-first heap   total 65536K, used 11588K [0x00000000c1a00000, 0x0000000100000000)
  region size 1024K, 2 young (2048K), 2 survivors (2048K)
 Metaspace       used 21229K, committed 21504K, reserved 1073152K
  class space    used 2462K, committed 2624K, reserved 1048576K
}
Event: 2.656 GC heap before
{Heap before GC invocations=5 (full 0):
 garbage-first heap   total 45056K, used 35140K [0x00000000c1a00000, 0x0000000100000000)
  region size 1024K, 26 young (26624K), 2 survivors (2048K)
 Metaspace       used 25466K, committed 25728K, reserved 1073152K
  class space    used 3164K, committed 3264K, reserved 1048576K
}
Event: 2.663 GC heap after
{Heap after GC invocations=6 (full 0):
 garbage-first heap   total 45056K, used 12918K [0x00000000c1a00000, 0x0000000100000000)
  region size 1024K, 3 young (3072K), 3 survivors (3072K)
 Metaspace       used 25466K, committed 25728K, reserved 1073152K
  class space    used 3164K, committed 3264K, reserved 1048576K
}
Event: 2.893 GC heap before
{Heap before GC invocations=6 (full 0):
 garbage-first heap   total 45056K, used 30326K [0x00000000c1a00000, 0x0000000100000000)
  region size 1024K, 20 young (20480K), 3 survivors (3072K)
 Metaspace       used 28884K, committed 29184K, reserved 1081344K
  class space    used 3505K, committed 3648K, reserved 1048576K
}
Event: 2.901 GC heap after
{Heap after GC invocations=7 (full 0):
 garbage-first heap   total 45056K, used 14106K [0x00000000c1a00000, 0x0000000100000000)
  region size 1024K, 3 young (3072K), 3 survivors (3072K)
 Metaspace       used 28884K, committed 29184K, reserved 1081344K
  class space    used 3505K, committed 3648K, reserved 1048576K
}
Event: 3.216 GC heap before
{Heap before GC invocations=7 (full 0):
 garbage-first heap   total 45056K, used 29466K [0x00000000c1a00000, 0x0000000100000000)
  region size 1024K, 19 young (19456K), 3 survivors (3072K)
 Metaspace       used 30847K, committed 31168K, reserved 1081344K
  class space    used 3806K, committed 3968K, reserved 1048576K
}
Event: 3.222 GC heap after
{Heap after GC invocations=8 (full 0):
 garbage-first heap   total 54272K, used 15120K [0x00000000c1a00000, 0x0000000100000000)
  region size 1024K, 3 young (3072K), 3 survivors (3072K)
 Metaspace       used 30847K, committed 31168K, reserved 1081344K
  class space    used 3806K, committed 3968K, reserved 1048576K
}
Event: 3.842 GC heap before
{Heap before GC invocations=8 (full 0):
 garbage-first heap   total 54272K, used 38672K [0x00000000c1a00000, 0x0000000100000000)
  region size 1024K, 26 young (26624K), 3 survivors (3072K)
 Metaspace       used 33243K, committed 33600K, reserved 1081344K
  class space    used 4191K, committed 4352K, reserved 1048576K
}
Event: 3.849 GC heap after
{Heap after GC invocations=9 (full 0):
 garbage-first heap   total 54272K, used 16326K [0x00000000c1a00000, 0x0000000100000000)
  region size 1024K, 4 young (4096K), 4 survivors (4096K)
 Metaspace       used 33243K, committed 33600K, reserved 1081344K
  class space    used 4191K, committed 4352K, reserved 1048576K
}
Event: 4.450 GC heap before
{Heap before GC invocations=9 (full 0):
 garbage-first heap   total 54272K, used 34758K [0x00000000c1a00000, 0x0000000100000000)
  region size 1024K, 23 young (23552K), 4 survivors (4096K)
 Metaspace       used 35798K, committed 36096K, reserved 1081344K
  class space    used 4643K, committed 4800K, reserved 1048576K
}
Event: 4.460 GC heap after
{Heap after GC invocations=10 (full 0):
 garbage-first heap   total 54272K, used 17554K [0x00000000c1a00000, 0x0000000100000000)
  region size 1024K, 3 young (3072K), 3 survivors (3072K)
 Metaspace       used 35798K, committed 36096K, reserved 1081344K
  class space    used 4643K, committed 4800K, reserved 1048576K
}
Event: 5.336 GC heap before
{Heap before GC invocations=11 (full 0):
 garbage-first heap   total 54272K, used 41106K [0x00000000c1a00000, 0x0000000100000000)
  region size 1024K, 26 young (26624K), 3 survivors (3072K)
 Metaspace       used 38893K, committed 39296K, reserved 1089536K
  class space    used 5163K, committed 5376K, reserved 1048576K
}
Event: 5.351 GC heap after
{Heap after GC invocations=12 (full 0):
 garbage-first heap   total 54272K, used 19855K [0x00000000c1a00000, 0x0000000100000000)
  region size 1024K, 4 young (4096K), 4 survivors (4096K)
 Metaspace       used 38893K, committed 39296K, reserved 1089536K
  class space    used 5163K, committed 5376K, reserved 1048576K
}

Deoptimization events (4 events):
Event: 2.321 Thread 0x0000028c1c2ed660 DEOPT PACKING pc=0x0000028c21662699 sp=0x000000d3ca8fd070
Event: 2.321 Thread 0x0000028c1c2ed660 DEOPT UNPACKING pc=0x0000028c21212b43 sp=0x000000d3ca8fc550 mode 3
Event: 3.729 Thread 0x0000028c1c2ed660 DEOPT PACKING pc=0x0000028c21668e14 sp=0x000000d3ca8fd570
Event: 3.729 Thread 0x0000028c1c2ed660 DEOPT UNPACKING pc=0x0000028c21212b43 sp=0x000000d3ca8fcac8 mode 0

Classes unloaded (0 events):
No events

Classes redefined (0 events):
No events

Internal exceptions (20 events):
Event: 4.876 Thread 0x0000028c1c2ed660 Exception <a 'java/lang/ClassNotFoundException'{0x00000000c44e30f8}: java/lang/ObjectCustomizer> (0x00000000c44e30f8) 
thrown [s\src\hotspot\share\classfile\systemDictionary.cpp, line 256]
Event: 4.878 Thread 0x0000028c1c2ed660 Exception <a 'java/lang/ClassNotFoundException'{0x00000000c44edda0}: org/springframework/security/config/annotation/method/configuration/GlobalMethodSecurityConfigurationCustomizer> (0x00000000c44edda0) 
thrown [s\src\hotspot\share\classfile\systemDictionary.cpp, line 256]
Event: 4.880 Thread 0x0000028c1c2ed660 Exception <a 'java/lang/ClassNotFoundException'{0x00000000c43006c8}: org/springframework/context/annotation/ImportAwareCustomizer> (0x00000000c43006c8) 
thrown [s\src\hotspot\share\classfile\systemDictionary.cpp, line 256]
Event: 4.880 Thread 0x0000028c1c2ed660 Exception <a 'java/lang/ClassNotFoundException'{0x00000000c43077b8}: org/springframework/beans/factory/AwareCustomizer> (0x00000000c43077b8) 
thrown [s\src\hotspot\share\classfile\systemDictionary.cpp, line 256]
Event: 4.881 Thread 0x0000028c1c2ed660 Exception <a 'java/lang/ClassNotFoundException'{0x00000000c430dfd0}: org/springframework/beans/factory/SmartInitializingSingletonCustomizer> (0x00000000c430dfd0) 
thrown [s\src\hotspot\share\classfile\systemDictionary.cpp, line 256]
Event: 4.881 Thread 0x0000028c1c2ed660 Exception <a 'java/lang/ClassNotFoundException'{0x00000000c4314e28}: org/springframework/beans/factory/BeanFactoryAwareCustomizer> (0x00000000c4314e28) 
thrown [s\src\hotspot\share\classfile\systemDictionary.cpp, line 256]
Event: 4.882 Thread 0x0000028c1c2ed660 Exception <a 'java/lang/ClassNotFoundException'{0x00000000c431c500}: org/springframework/beans/factory/AwareCustomizer> (0x00000000c431c500) 
thrown [s\src\hotspot\share\classfile\systemDictionary.cpp, line 256]
Event: 4.925 Thread 0x0000028c1c2ed660 Exception <a 'java/lang/ClassNotFoundException'{0x00000000c4395c50}: java/lang/ObjectCustomizer> (0x00000000c4395c50) 
thrown [s\src\hotspot\share\classfile\systemDictionary.cpp, line 256]
Event: 4.926 Thread 0x0000028c1c2ed660 Exception <a 'java/lang/ClassNotFoundException'{0x00000000c439ef90}: org/springframework/aop/support/AbstractPointcutAdvisorCustomizer> (0x00000000c439ef90) 
thrown [s\src\hotspot\share\classfile\systemDictionary.cpp, line 256]
Event: 4.927 Thread 0x0000028c1c2ed660 Exception <a 'java/lang/ClassNotFoundException'{0x00000000c43a9e78}: org/springframework/security/access/intercept/aopalliance/MethodSecurityMetadataSourceAdvisorCustomizer> (0x00000000c43a9e78) 
thrown [s\src\hotspot\share\classfile\systemDictionary.cpp, line 256]
Event: 4.928 Thread 0x0000028c1c2ed660 Exception <a 'java/lang/ClassNotFoundException'{0x00000000c43b7580}: org/springframework/beans/factory/BeanFactoryAwareCustomizer> (0x00000000c43b7580) 
thrown [s\src\hotspot\share\classfile\systemDictionary.cpp, line 256]
Event: 4.928 Thread 0x0000028c1c2ed660 Exception <a 'java/lang/ClassNotFoundException'{0x00000000c43be460}: org/springframework/beans/factory/AwareCustomizer> (0x00000000c43be460) 
thrown [s\src\hotspot\share\classfile\systemDictionary.cpp, line 256]
Event: 4.929 Thread 0x0000028c1c2ed660 Exception <a 'java/lang/ClassNotFoundException'{0x00000000c43c3ea8}: org/springframework/aop/PointcutAdvisorCustomizer> (0x00000000c43c3ea8) 
thrown [s\src\hotspot\share\classfile\systemDictionary.cpp, line 256]
Event: 4.930 Thread 0x0000028c1c2ed660 Exception <a 'java/lang/ClassNotFoundException'{0x00000000c43ca888}: org/springframework/aop/AdvisorCustomizer> (0x00000000c43ca888) 
thrown [s\src\hotspot\share\classfile\systemDictionary.cpp, line 256]
Event: 4.930 Thread 0x0000028c1c2ed660 Exception <a 'java/lang/ClassNotFoundException'{0x00000000c43d1a18}: org/springframework/core/OrderedCustomizer> (0x00000000c43d1a18) 
thrown [s\src\hotspot\share\classfile\systemDictionary.cpp, line 256]
Event: 5.197 Thread 0x0000028c1c2ed660 Exception <a 'java/lang/NoSuchMethodError'{0x00000000c3d0f838}: 'void java.lang.invoke.DirectMethodHandle$Holder.invokeInterface(java.lang.Object, java.lang.Object, int)'> (0x00000000c3d0f838) 
thrown [s\src\hotspot\share\interpreter\linkResolver.cpp, line 759]
Event: 5.203 Thread 0x0000028c1c2ed660 Exception <a 'java/lang/IncompatibleClassChangeError'{0x00000000c3d5f038}: Found class java.lang.Object, but interface was expected> (0x00000000c3d5f038) 
thrown [s\src\hotspot\share\interpreter\linkResolver.cpp, line 826]
Event: 5.203 Thread 0x0000028c1c2ed660 Exception <a 'java/lang/NoSuchMethodError'{0x00000000c3d641e0}: 'void java.lang.invoke.DirectMethodHandle$Holder.invokeStatic(java.lang.Object, int, java.lang.Object)'> (0x00000000c3d641e0) 
thrown [s\src\hotspot\share\interpreter\linkResolver.cpp, line 759]
Event: 5.207 Thread 0x0000028c1c2ed660 Exception <a 'java/lang/NoSuchMethodError'{0x00000000c3d93788}: 'int java.lang.invoke.DirectMethodHandle$Holder.invokeSpecial(java.lang.Object, java.lang.Object, int)'> (0x00000000c3d93788) 
thrown [s\src\hotspot\share\interpreter\linkResolver.cpp, line 759]
Event: 5.295 Thread 0x0000028c2a5e1f40 Exception <a 'java/lang/reflect/InvocationTargetException'{0x00000000c46ccd68}> (0x00000000c46ccd68) 
thrown [s\src\hotspot\share\runtime\reflection.cpp, line 1121]

VM Operations (20 events):
Event: 4.401 Executing VM operation: HandshakeAllThreads
Event: 4.401 Executing VM operation: HandshakeAllThreads done
Event: 4.407 Executing VM operation: HandshakeAllThreads
Event: 4.407 Executing VM operation: HandshakeAllThreads done
Event: 4.450 Executing VM operation: CollectForMetadataAllocation
Event: 4.460 Executing VM operation: CollectForMetadataAllocation done
Event: 4.492 Executing VM operation: G1Concurrent
Event: 4.495 Executing VM operation: G1Concurrent done
Event: 4.510 Executing VM operation: G1Concurrent
Event: 4.510 Executing VM operation: G1Concurrent done
Event: 4.649 Executing VM operation: HandshakeAllThreads
Event: 4.649 Executing VM operation: HandshakeAllThreads done
Event: 4.687 Executing VM operation: HandshakeAllThreads
Event: 4.687 Executing VM operation: HandshakeAllThreads done
Event: 4.973 Executing VM operation: HandshakeAllThreads
Event: 4.973 Executing VM operation: HandshakeAllThreads done
Event: 5.279 Executing VM operation: HandshakeAllThreads
Event: 5.279 Executing VM operation: HandshakeAllThreads done
Event: 5.336 Executing VM operation: G1CollectForAllocation
Event: 5.351 Executing VM operation: G1CollectForAllocation done

Events (20 events):
Event: 5.371 loading class java/beans/PropertyChangeSupport
Event: 5.372 loading class java/beans/PropertyChangeSupport done
Event: 5.372 loading class java/beans/PropertyChangeSupport$PropertyChangeListenerMap
Event: 5.372 loading class java/beans/ChangeListenerMap
Event: 5.372 loading class java/beans/ChangeListenerMap done
Event: 5.372 loading class java/beans/PropertyChangeSupport$PropertyChangeListenerMap done
Event: 5.372 loading class java/beans/PropertyChangeListener
Event: 5.373 loading class java/beans/PropertyChangeListener done
Event: 5.391 loading class java/beans/PropertyChangeEvent
Event: 5.391 loading class java/beans/PropertyChangeEvent done
Event: 5.404 loading class java/nio/BufferUnderflowException
Event: 5.404 loading class java/nio/BufferUnderflowException done
Event: 5.455 loading class java/net/URLClassLoader
Event: 5.456 loading class java/net/URLClassLoader done
Event: 5.458 loading class java/beans/PropertyChangeListenerProxy
Event: 5.458 loading class java/util/EventListenerProxy
Event: 5.458 loading class java/util/EventListenerProxy done
Event: 5.458 loading class java/beans/PropertyChangeListenerProxy done
Event: 5.491 loading class java/util/logging/LogRecord
Event: 5.492 loading class java/util/logging/LogRecord done


Dynamic libraries:
0x00007ff687bb0000 - 0x00007ff687bbe000 	D:\sts-4.16.1.RELEASE\plugins\org.eclipse.justj.openjdk.hotspot.jre.full.win32.x86_64_17.0.4.v20221004-1257\jre\bin\javaw.exe
0x00007ff92b890000 - 0x00007ff92ba88000 	C:\Windows\SYSTEM32\ntdll.dll
0x00007ff9298f0000 - 0x00007ff9299af000 	C:\Windows\System32\KERNEL32.DLL
0x00007ff929150000 - 0x00007ff929446000 	C:\Windows\System32\KERNELBASE.dll
0x00007ff929450000 - 0x00007ff929550000 	C:\Windows\System32\ucrtbase.dll
0x00007ff910800000 - 0x00007ff910818000 	D:\sts-4.16.1.RELEASE\plugins\org.eclipse.justj.openjdk.hotspot.jre.full.win32.x86_64_17.0.4.v20221004-1257\jre\bin\jli.dll
0x00007ff9238f0000 - 0x00007ff923909000 	D:\sts-4.16.1.RELEASE\plugins\org.eclipse.justj.openjdk.hotspot.jre.full.win32.x86_64_17.0.4.v20221004-1257\jre\bin\VCRUNTIME140.dll
0x00007ff92ad10000 - 0x00007ff92aead000 	C:\Windows\System32\USER32.dll
0x00007ff9295f0000 - 0x00007ff929612000 	C:\Windows\System32\win32u.dll
0x00007ff916760000 - 0x00007ff9169fa000 	C:\Windows\WinSxS\amd64_microsoft.windows.common-controls_6595b64144ccf1df_6.0.19041.1110_none_60b5254171f9507e\COMCTL32.dll
0x00007ff92aeb0000 - 0x00007ff92aedc000 	C:\Windows\System32\GDI32.dll
0x00007ff92abc0000 - 0x00007ff92ac5e000 	C:\Windows\System32\msvcrt.dll
0x00007ff929030000 - 0x00007ff929145000 	C:\Windows\System32\gdi32full.dll
0x00007ff929550000 - 0x00007ff9295ed000 	C:\Windows\System32\msvcp_win.dll
0x00007ff92ab80000 - 0x00007ff92abb0000 	C:\Windows\System32\IMM32.DLL
0x00007ff9232d0000 - 0x00007ff9232dc000 	D:\sts-4.16.1.RELEASE\plugins\org.eclipse.justj.openjdk.hotspot.jre.full.win32.x86_64_17.0.4.v20221004-1257\jre\bin\vcruntime140_1.dll
0x00007ff9215d0000 - 0x00007ff921661000 	D:\sts-4.16.1.RELEASE\plugins\org.eclipse.justj.openjdk.hotspot.jre.full.win32.x86_64_17.0.4.v20221004-1257\jre\bin\msvcp140.dll
0x00007ff8c63c0000 - 0x00007ff8c7006000 	D:\sts-4.16.1.RELEASE\plugins\org.eclipse.justj.openjdk.hotspot.jre.full.win32.x86_64_17.0.4.v20221004-1257\jre\bin\server\jvm.dll
0x00007ff92aff0000 - 0x00007ff92b09f000 	C:\Windows\System32\ADVAPI32.dll
0x00007ff92af50000 - 0x00007ff92afec000 	C:\Windows\System32\sechost.dll
0x00007ff9299b0000 - 0x00007ff929ad6000 	C:\Windows\System32\RPCRT4.dll
0x00007ff92aac0000 - 0x00007ff92aac8000 	C:\Windows\System32\PSAPI.DLL
0x00007ff91e660000 - 0x00007ff91e669000 	C:\Windows\SYSTEM32\WSOCK32.dll
0x00007ff92aee0000 - 0x00007ff92af4b000 	C:\Windows\System32\WS2_32.dll
0x00007ff916bb0000 - 0x00007ff916bd7000 	C:\Windows\SYSTEM32\WINMM.dll
0x00007ff91a4a0000 - 0x00007ff91a4aa000 	C:\Windows\SYSTEM32\VERSION.dll
0x00007ff926df0000 - 0x00007ff926e02000 	C:\Windows\SYSTEM32\kernel.appcore.dll
0x00007ff91e630000 - 0x00007ff91e63a000 	D:\sts-4.16.1.RELEASE\plugins\org.eclipse.justj.openjdk.hotspot.jre.full.win32.x86_64_17.0.4.v20221004-1257\jre\bin\jimage.dll
0x00007ff920f20000 - 0x00007ff921104000 	C:\Windows\SYSTEM32\DBGHELP.DLL
0x00007ff920e80000 - 0x00007ff920eb4000 	C:\Windows\SYSTEM32\dbgcore.DLL
0x00007ff929860000 - 0x00007ff9298e2000 	C:\Windows\System32\bcryptPrimitives.dll
0x00007ff9107d0000 - 0x00007ff9107f5000 	D:\sts-4.16.1.RELEASE\plugins\org.eclipse.justj.openjdk.hotspot.jre.full.win32.x86_64_17.0.4.v20221004-1257\jre\bin\java.dll
0x00007ff9107b0000 - 0x00007ff9107c8000 	D:\sts-4.16.1.RELEASE\plugins\org.eclipse.justj.openjdk.hotspot.jre.full.win32.x86_64_17.0.4.v20221004-1257\jre\bin\zip.dll
0x00007ff92b100000 - 0x00007ff92b844000 	C:\Windows\System32\SHELL32.dll
0x00007ff926ff0000 - 0x00007ff927783000 	C:\Windows\SYSTEM32\windows.storage.dll
0x00007ff929ba0000 - 0x00007ff929ef4000 	C:\Windows\System32\combase.dll
0x00007ff9289d0000 - 0x00007ff9289fe000 	C:\Windows\SYSTEM32\Wldp.dll
0x00007ff92aad0000 - 0x00007ff92ab7d000 	C:\Windows\System32\SHCORE.dll
0x00007ff92aa60000 - 0x00007ff92aab5000 	C:\Windows\System32\shlwapi.dll
0x00007ff928eb0000 - 0x00007ff928ecf000 	C:\Windows\SYSTEM32\profapi.dll
0x00007ff910790000 - 0x00007ff9107a9000 	D:\sts-4.16.1.RELEASE\plugins\org.eclipse.justj.openjdk.hotspot.jre.full.win32.x86_64_17.0.4.v20221004-1257\jre\bin\net.dll
0x00007ff91db20000 - 0x00007ff91dc2a000 	C:\Windows\SYSTEM32\WINHTTP.dll
0x00007ff9286e0000 - 0x00007ff92874a000 	C:\Windows\system32\mswsock.dll
0x00007ff910390000 - 0x00007ff9103a5000 	D:\sts-4.16.1.RELEASE\plugins\org.eclipse.justj.openjdk.hotspot.jre.full.win32.x86_64_17.0.4.v20221004-1257\jre\bin\nio.dll
0x00007ff9216d0000 - 0x00007ff9216d9000 	D:\sts-4.16.1.RELEASE\plugins\org.eclipse.justj.openjdk.hotspot.jre.full.win32.x86_64_17.0.4.v20221004-1257\jre\bin\management.dll
0x00007ff9216c0000 - 0x00007ff9216cb000 	D:\sts-4.16.1.RELEASE\plugins\org.eclipse.justj.openjdk.hotspot.jre.full.win32.x86_64_17.0.4.v20221004-1257\jre\bin\management_ext.dll
0x00007ff9124c0000 - 0x00007ff9124d7000 	C:\Windows\system32\napinsp.dll
0x00007ff9124a0000 - 0x00007ff9124bb000 	C:\Windows\system32\pnrpnsp.dll
0x00007ff924140000 - 0x00007ff924155000 	C:\Windows\system32\wshbth.dll
0x00007ff9223f0000 - 0x00007ff92240d000 	C:\Windows\system32\NLAapi.dll
0x00007ff9283a0000 - 0x00007ff9283dc000 	C:\Windows\SYSTEM32\IPHLPAPI.DLL
0x00007ff9283f0000 - 0x00007ff9284bb000 	C:\Windows\SYSTEM32\DNSAPI.dll
0x00007ff92abb0000 - 0x00007ff92abb8000 	C:\Windows\System32\NSI.dll
0x00007ff9123e0000 - 0x00007ff9123f2000 	C:\Windows\System32\winrnr.dll
0x00007ff91a370000 - 0x00007ff91a37a000 	C:\Windows\System32\rasadhlp.dll
0x00007ff91b380000 - 0x00007ff91b402000 	C:\Windows\System32\fwpuclnt.dll
0x00007ff9296d0000 - 0x00007ff9296f7000 	C:\Windows\System32\bcrypt.dll
0x00007ff928900000 - 0x00007ff928918000 	C:\Windows\SYSTEM32\CRYPTSP.dll
0x00007ff927fa0000 - 0x00007ff927fd4000 	C:\Windows\system32\rsaenh.dll
0x00007ff928e70000 - 0x00007ff928e9e000 	C:\Windows\SYSTEM32\USERENV.dll
0x00007ff928920000 - 0x00007ff92892c000 	C:\Windows\SYSTEM32\CRYPTBASE.dll
0x00007ff91eed0000 - 0x00007ff91eee7000 	C:\Windows\SYSTEM32\dhcpcsvc6.DLL
0x00007ff920850000 - 0x00007ff92086d000 	C:\Windows\SYSTEM32\dhcpcsvc.DLL
0x00007ff910780000 - 0x00007ff910790000 	D:\sts-4.16.1.RELEASE\plugins\org.eclipse.justj.openjdk.hotspot.jre.full.win32.x86_64_17.0.4.v20221004-1257\jre\bin\verify.dll

dbghelp: loaded successfully - version: 4.0.5 - missing functions: none
symbol engine: initialized successfully - sym options: 0x614 - pdb path: .;D:\sts-4.16.1.RELEASE\plugins\org.eclipse.justj.openjdk.hotspot.jre.full.win32.x86_64_17.0.4.v20221004-1257\jre\bin;C:\Windows\SYSTEM32;C:\Windows\WinSxS\amd64_microsoft.windows.common-controls_6595b64144ccf1df_6.0.19041.1110_none_60b5254171f9507e;D:\sts-4.16.1.RELEASE\plugins\org.eclipse.justj.openjdk.hotspot.jre.full.win32.x86_64_17.0.4.v20221004-1257\jre\bin\server

VM Arguments:
jvm_args: -Dcom.sun.management.jmxremote -Dcom.sun.management.jmxremote.port=59618 -Dcom.sun.management.jmxremote.authenticate=false -Dcom.sun.management.jmxremote.ssl=false -Djava.rmi.server.hostname=localhost -Dspring.jmx.enabled=true -Dspring.application.admin.enabled=true -XX:TieredStopAtLevel=1 -Dspring.boot.project.name=spring-boot-security-jwt -Dfile.encoding=UTF-8 -XX:+ShowCodeDetailsInExceptionMessages 
java_command: com.bezkoder.springjwt.SpringBootSecurityJwtApplication --spring.output.ansi.enabled=always
java_class_path (initial): D:\spring-boot-spring-security-jwt-authentication-master\spring-boot-spring-security-jwt-authentication-master\target\classes;C:\Users\LENOVO\.m2\repository\org\springframework\boot\spring-boot-starter-data-jpa\2.7.3\spring-boot-starter-data-jpa-2.7.3.jar;C:\Users\LENOVO\.m2\repository\org\springframework\boot\spring-boot-starter-aop\2.7.3\spring-boot-starter-aop-2.7.3.jar;C:\Users\LENOVO\.m2\repository\org\aspectj\aspectjweaver\1.9.7\aspectjweaver-1.9.7.jar;C:\Users\LENOVO\.m2\repository\org\springframework\boot\spring-boot-starter-jdbc\2.7.3\spring-boot-starter-jdbc-2.7.3.jar;C:\Users\LENOVO\.m2\repository\com\zaxxer\HikariCP\4.0.3\HikariCP-4.0.3.jar;C:\Users\LENOVO\.m2\repository\org\springframework\spring-jdbc\5.3.22\spring-jdbc-5.3.22.jar;C:\Users\LENOVO\.m2\repository\jakarta\transaction\jakarta.transaction-api\1.3.3\jakarta.transaction-api-1.3.3.jar;C:\Users\LENOVO\.m2\repository\jakarta\persistence\jakarta.persistence-api\2.2.3\jakarta.persistence-api-2.2.3.jar;C:\Users\LENOVO\.m2\repository\org\hibernate\hibernate-core\5.6.10.Final\hibernate-core-5.6.10.Final.jar;C:\Users\LENOVO\.m2\repository\org\jboss\logging\jboss-logging\3.4.3.Final\jboss-logging-3.4.3.Final.jar;C:\Users\LENOVO\.m2\repository\net\bytebuddy\byte-buddy\1.12.13\byte-buddy-1.12.13.jar;C:\Users\LENOVO\.m2\repository\antlr\antlr\2.7.7\antlr-2.7.7.jar;C:\Users\LENOVO\.m2\repository\org\jboss\jandex\2.4.2.Final\jandex-2.4.2.Final.jar;C:\Users\LENOVO\.m2\repository\com\fasterxml\classmate\1.5.1\classmate-1.5.1.jar;C:\Users\LENOVO\.m2\repository\org\hibernate\common\hibernate-commons-annotations\5.1.2.Final\hibernate-commons-annotations-5.1.2.Final.jar;C:\Users\LENOVO\.m2\repository\org\glassfish\jaxb\jaxb-runtime\2.3.6\jaxb-runtime-2.3.6.jar;C:\Users\LENOVO\.m2\repository\org\glassfish\jaxb\txw2\2.3.6\txw2-2.3.6.jar;C:\Users\LENOVO\.m2\repository\com\sun\istack\istack-commons-runtime\3.0.12\istack-commons-runtime-3.0.12.jar;C:\Users\LENOVO\.m2\repository\com\sun\acti
Launcher Type: SUN_STANDARD

[Global flags]
     intx CICompilerCount                          = 3                                         {product} {ergonomic}
     uint ConcGCThreads                            = 1                                         {product} {ergonomic}
     uint G1ConcRefinementThreads                  = 4                                         {product} {ergonomic}
   size_t G1HeapRegionSize                         = 1048576                                   {product} {ergonomic}
    uintx GCDrainStackTargetSize                   = 64                                        {product} {ergonomic}
   size_t InitialHeapSize                          = 67108864                                  {product} {ergonomic}
     bool ManagementServer                         = true                                      {product} {command line}
   size_t MarkStackSize                            = 4194304                                   {product} {ergonomic}
   size_t MaxHeapSize                              = 1046478848                                {product} {ergonomic}
   size_t MaxNewSize                               = 627048448                                 {product} {ergonomic}
   size_t MinHeapDeltaBytes                        = 1048576                                   {product} {ergonomic}
   size_t MinHeapSize                              = 8388608                                   {product} {ergonomic}
    uintx NonProfiledCodeHeapSize                  = 0                                      {pd product} {ergonomic}
     bool ProfileInterpreter                       = false                                  {pd product} {command line}
    uintx ProfiledCodeHeapSize                     = 0                                      {pd product} {ergonomic}
     bool ShowCodeDetailsInExceptionMessages       = true                                   {manageable} {command line}
   size_t SoftMaxHeapSize                          = 1046478848                             {manageable} {ergonomic}
     intx TieredStopAtLevel                        = 1                                         {product} {command line}
     bool UseCompressedClassPointers               = true                           {product lp64_product} {ergonomic}
     bool UseCompressedOops                        = true                           {product lp64_product} {ergonomic}
     bool UseG1GC                                  = true                                      {product} {ergonomic}
     bool UseLargePagesIndividualAllocation        = false                                  {pd product} {ergonomic}

Logging:
Log output configuration:
 #0: stdout all=warning uptime,level,tags
 #1: stderr all=off uptime,level,tags

Environment Variables:
PATH=D:/sts-4.16.1.RELEASE//plugins/org.eclipse.justj.openjdk.hotspot.jre.full.win32.x86_64_17.0.4.v20221004-1257/jre/bin/server;D:/sts-4.16.1.RELEASE//plugins/org.eclipse.justj.openjdk.hotspot.jre.full.win32.x86_64_17.0.4.v20221004-1257/jre/bin;C:\oraclexe\app\oracle\product\11.2.0\server\bin;C:\Program Files (x86)\Common Files\Oracle\Java\javapath;C:\Windows\system32;C:\Windows;C:\Windows\System32\Wbem;C:\Windows\System32\WindowsPowerShell\v1.0\;C:\Windows\System32\OpenSSH\;C:\Program Files\Git\cmd;C:\Java\jdk1.8.0_331\bin;C:\Program Files\MySQL\MySQL Server 8.0\bin;C:\Program Files\MySQL\MySQL Shell 8.0\bin\;C:\Users\LENOVO\AppData\Local\Microsoft\WindowsApps;C:\Users\LENOVO\AppData\Local\Programs\Microsoft VS Code\bin;C:\Java\jdk1.8.0_331\bin;;C:\Program Files\JetBrains\IntelliJ IDEA Community Edition 2022.3.1\bin;;C:\Windows\system32;
USERNAME=LENOVO
OS=Windows_NT
PROCESSOR_IDENTIFIER=Intel64 Family 6 Model 69 Stepping 1, GenuineIntel
TMP=C:\Users\LENOVO\AppData\Local\Temp
TEMP=C:\Users\LENOVO\AppData\Local\Temp



---------------  S Y S T E M  ---------------

OS:
 Windows 10 , 64 bit Build 19041 (10.0.19041.2913)
OS uptime: 0 days 6:39 hours
Hyper-V role detected

CPU: total 4 (initial active 4) (2 cores per cpu, 2 threads per core) family 6 model 69 stepping 1 microcode 0x25, cx8, cmov, fxsr, ht, mmx, sse, sse2, sse3, ssse3, sse4.1, sse4.2, popcnt, lzcnt, tsc, tscinvbit, avx, avx2, aes, erms, clmul, bmi1, bmi2, fma, vzeroupper, clflush, hv

Memory: 4k page, system-wide physical 3988M (170M free)
TotalPageFile size 16276M (AvailPageFile size 0M)
current process WorkingSet (physical memory assigned to process): 149M, peak: 149M
current process commit charge ("private bytes"): 175M, peak: 175M

vm_info: OpenJDK 64-Bit Server VM (17.0.4.1+1) for windows-amd64 JRE (17.0.4.1+1), built on Aug 17 2022 07:42:43 by "temurin" with MS VC++ 16.7 (VS2019)

END.
